2026-01-24 19:58:35,783 INFO    MainThread:31156 [wandb_setup.py:_flush():80] Current SDK version is 0.23.0
2026-01-24 19:58:35,783 INFO    MainThread:31156 [wandb_setup.py:_flush():80] Configure stats pid to 31156
2026-01-24 19:58:35,783 INFO    MainThread:31156 [wandb_setup.py:_flush():80] Loading settings from C:\Users\brodi\.config\wandb\settings
2026-01-24 19:58:35,783 INFO    MainThread:31156 [wandb_setup.py:_flush():80] Loading settings from E:\Other\ATLAS\env\wandb\settings
2026-01-24 19:58:35,783 INFO    MainThread:31156 [wandb_setup.py:_flush():80] Loading settings from environment variables
2026-01-24 19:58:35,784 INFO    MainThread:31156 [wandb_init.py:setup_run_log_directory():713] Logging user logs to E:\Other\ATLAS\env\wandb\run-20260124_195835-1eznxp1t\logs\debug.log
2026-01-24 19:58:35,784 INFO    MainThread:31156 [wandb_init.py:setup_run_log_directory():714] Logging internal logs to E:\Other\ATLAS\env\wandb\run-20260124_195835-1eznxp1t\logs\debug-internal.log
2026-01-24 19:58:35,784 INFO    MainThread:31156 [wandb_init.py:init():840] calling init triggers
2026-01-24 19:58:35,784 INFO    MainThread:31156 [wandb_init.py:init():845] wandb.init called with sweep_config: {}
config: {'d_model': 768, 'n_heads': 12, 'n_layers': 12, 'vocab_size': 50304, 'seq_len': 512, 'r': 16, 'p': 2, 'max_steps': 10000, 'batch_size': 16, 'adam_lr': 0.0003, 'muon_lr': 0.0003, '_wandb': {}}
2026-01-24 19:58:35,784 INFO    MainThread:31156 [wandb_init.py:init():888] starting backend
2026-01-24 19:58:38,126 INFO    MainThread:31156 [wandb_init.py:init():891] sending inform_init request
2026-01-24 19:58:38,151 INFO    MainThread:31156 [wandb_init.py:init():899] backend started and connected
2026-01-24 19:58:38,167 INFO    MainThread:31156 [wandb_init.py:init():969] updated telemetry
2026-01-24 19:58:38,198 INFO    MainThread:31156 [wandb_init.py:init():993] communicating run to backend with 90.0 second timeout
2026-01-24 19:58:38,621 INFO    MainThread:31156 [wandb_init.py:init():1040] starting run threads in backend
2026-01-24 19:58:38,734 INFO    MainThread:31156 [wandb_run.py:_console_start():2504] atexit reg
2026-01-24 19:58:38,734 INFO    MainThread:31156 [wandb_run.py:_redirect():2352] redirect: wrap_raw
2026-01-24 19:58:38,734 INFO    MainThread:31156 [wandb_run.py:_redirect():2421] Wrapping output streams.
2026-01-24 19:58:38,734 INFO    MainThread:31156 [wandb_run.py:_redirect():2444] Redirects installed.
2026-01-24 19:58:38,736 INFO    MainThread:31156 [wandb_init.py:init():1080] run started, returning control to user process
2026-01-24 19:59:01,062 ERROR   wandb-AsyncioManager-main:31156 [service_client.py:_forward_responses():77] Error reading server response.
Traceback (most recent call last):
  File "C:\Users\brodi\AppData\Local\Python\pythoncore-3.12-64\Lib\asyncio\windows_events.py", line 462, in finish_socket_func
    return ov.getresult()
           ^^^^^^^^^^^^^^
OSError: [WinError 64] The specified network name is no longer available

During handling of the above exception, another exception occurred:

Traceback (most recent call last):
  File "C:\Users\brodi\AppData\Local\Python\pythoncore-3.12-64\Lib\site-packages\wandb\sdk\lib\service\service_client.py", line 73, in _forward_responses
    while response := await self._read_server_response():
                      ^^^^^^^^^^^^^^^^^^^^^^^^^^^^^^^^^^
  File "C:\Users\brodi\AppData\Local\Python\pythoncore-3.12-64\Lib\site-packages\wandb\sdk\lib\service\service_client.py", line 87, in _read_server_response
    header = await self._reader.readexactly(_HEADER_BYTE_INT_LEN)
             ^^^^^^^^^^^^^^^^^^^^^^^^^^^^^^^^^^^^^^^^^^^^^^^^^^^^
  File "C:\Users\brodi\AppData\Local\Python\pythoncore-3.12-64\Lib\asyncio\streams.py", line 752, in readexactly
    await self._wait_for_data('readexactly')
  File "C:\Users\brodi\AppData\Local\Python\pythoncore-3.12-64\Lib\asyncio\streams.py", line 545, in _wait_for_data
    await self._waiter
  File "C:\Users\brodi\AppData\Local\Python\pythoncore-3.12-64\Lib\asyncio\proactor_events.py", line 286, in _loop_reading
    length = fut.result()
             ^^^^^^^^^^^^
  File "C:\Users\brodi\AppData\Local\Python\pythoncore-3.12-64\Lib\asyncio\windows_events.py", line 803, in _poll
    value = callback(transferred, key, ov)
            ^^^^^^^^^^^^^^^^^^^^^^^^^^^^^^
  File "C:\Users\brodi\AppData\Local\Python\pythoncore-3.12-64\Lib\asyncio\windows_events.py", line 466, in finish_socket_func
    raise ConnectionResetError(*exc.args)
ConnectionResetError: [WinError 64] The specified network name is no longer available
2026-01-24 19:59:34,556 INFO    wandb-AsyncioManager-main:31156 [mailbox.py:close():137] Closing mailbox, abandoning 1 handles.
