2026-02-10 18:00:56,705 INFO    MainThread:24608 [wandb_setup.py:_flush():80] Current SDK version is 0.23.0
2026-02-10 18:00:56,705 INFO    MainThread:24608 [wandb_setup.py:_flush():80] Configure stats pid to 24608
2026-02-10 18:00:56,706 INFO    MainThread:24608 [wandb_setup.py:_flush():80] Loading settings from C:\Users\brodi\.config\wandb\settings
2026-02-10 18:00:56,706 INFO    MainThread:24608 [wandb_setup.py:_flush():80] Loading settings from E:\Other\ATLAS\env\wandb\settings
2026-02-10 18:00:56,706 INFO    MainThread:24608 [wandb_setup.py:_flush():80] Loading settings from environment variables
2026-02-10 18:00:56,706 INFO    MainThread:24608 [wandb_init.py:setup_run_log_directory():713] Logging user logs to E:\Other\ATLAS\env\wandb\run-20260210_180056-a7n46pon\logs\debug.log
2026-02-10 18:00:56,706 INFO    MainThread:24608 [wandb_init.py:setup_run_log_directory():714] Logging internal logs to E:\Other\ATLAS\env\wandb\run-20260210_180056-a7n46pon\logs\debug-internal.log
2026-02-10 18:00:56,706 INFO    MainThread:24608 [wandb_init.py:init():840] calling init triggers
2026-02-10 18:00:56,706 INFO    MainThread:24608 [wandb_init.py:init():845] wandb.init called with sweep_config: {}
config: {'d_model': 256, 'n_heads': 8, 'n_layers': 8, 'vocab_size': 50304, 'seq_len': 128, 'r': 4, 'p': 2, 'max_steps': 1000000, 'batch_size': 32, 'adam_lr': 0.0003, 'muon_lr': 0.0003, '_wandb': {}}
2026-02-10 18:00:56,706 INFO    MainThread:24608 [wandb_init.py:init():888] starting backend
2026-02-10 18:00:59,766 INFO    MainThread:24608 [wandb_init.py:init():891] sending inform_init request
2026-02-10 18:00:59,809 INFO    MainThread:24608 [wandb_init.py:init():899] backend started and connected
2026-02-10 18:00:59,956 INFO    MainThread:24608 [wandb_init.py:init():969] updated telemetry
2026-02-10 18:00:59,992 INFO    MainThread:24608 [wandb_init.py:init():993] communicating run to backend with 90.0 second timeout
2026-02-10 18:01:08,733 INFO    Thread-8 (wrapped_target):24608 [retry.py:__call__():164] [no run ID] Retry attempt failed:
Traceback (most recent call last):
  File "C:\Users\brodi\AppData\Local\Python\pythoncore-3.12-64\Lib\site-packages\urllib3\connection.py", line 198, in _new_conn
    sock = connection.create_connection(
           ^^^^^^^^^^^^^^^^^^^^^^^^^^^^^
  File "C:\Users\brodi\AppData\Local\Python\pythoncore-3.12-64\Lib\site-packages\urllib3\util\connection.py", line 60, in create_connection
    for res in socket.getaddrinfo(host, port, family, socket.SOCK_STREAM):
               ^^^^^^^^^^^^^^^^^^^^^^^^^^^^^^^^^^^^^^^^^^^^^^^^^^^^^^^^^^
  File "C:\Users\brodi\AppData\Local\Python\pythoncore-3.12-64\Lib\socket.py", line 978, in getaddrinfo
    for res in _socket.getaddrinfo(host, port, family, type, proto, flags):
               ^^^^^^^^^^^^^^^^^^^^^^^^^^^^^^^^^^^^^^^^^^^^^^^^^^^^^^^^^^^
socket.gaierror: [Errno 11001] getaddrinfo failed

The above exception was the direct cause of the following exception:

Traceback (most recent call last):
  File "C:\Users\brodi\AppData\Local\Python\pythoncore-3.12-64\Lib\site-packages\urllib3\connectionpool.py", line 787, in urlopen
    response = self._make_request(
               ^^^^^^^^^^^^^^^^^^^
  File "C:\Users\brodi\AppData\Local\Python\pythoncore-3.12-64\Lib\site-packages\urllib3\connectionpool.py", line 488, in _make_request
    raise new_e
  File "C:\Users\brodi\AppData\Local\Python\pythoncore-3.12-64\Lib\site-packages\urllib3\connectionpool.py", line 464, in _make_request
    self._validate_conn(conn)
  File "C:\Users\brodi\AppData\Local\Python\pythoncore-3.12-64\Lib\site-packages\urllib3\connectionpool.py", line 1093, in _validate_conn
    conn.connect()
  File "C:\Users\brodi\AppData\Local\Python\pythoncore-3.12-64\Lib\site-packages\urllib3\connection.py", line 753, in connect
    self.sock = sock = self._new_conn()
                       ^^^^^^^^^^^^^^^^
  File "C:\Users\brodi\AppData\Local\Python\pythoncore-3.12-64\Lib\site-packages\urllib3\connection.py", line 205, in _new_conn
    raise NameResolutionError(self.host, self, e) from e
urllib3.exceptions.NameResolutionError: <urllib3.connection.HTTPSConnection object at 0x00000175DAADB3B0>: Failed to resolve 'api.wandb.ai' ([Errno 11001] getaddrinfo failed)

The above exception was the direct cause of the following exception:

Traceback (most recent call last):
  File "C:\Users\brodi\AppData\Local\Python\pythoncore-3.12-64\Lib\site-packages\requests\adapters.py", line 644, in send
    resp = conn.urlopen(
           ^^^^^^^^^^^^^
  File "C:\Users\brodi\AppData\Local\Python\pythoncore-3.12-64\Lib\site-packages\urllib3\connectionpool.py", line 841, in urlopen
    retries = retries.increment(
              ^^^^^^^^^^^^^^^^^^
  File "C:\Users\brodi\AppData\Local\Python\pythoncore-3.12-64\Lib\site-packages\urllib3\util\retry.py", line 519, in increment
    raise MaxRetryError(_pool, url, reason) from reason  # type: ignore[arg-type]
    ^^^^^^^^^^^^^^^^^^^^^^^^^^^^^^^^^^^^^^^^^^^^^^^^^^^
urllib3.exceptions.MaxRetryError: HTTPSConnectionPool(host='api.wandb.ai', port=443): Max retries exceeded with url: /graphql (Caused by NameResolutionError("<urllib3.connection.HTTPSConnection object at 0x00000175DAADB3B0>: Failed to resolve 'api.wandb.ai' ([Errno 11001] getaddrinfo failed)"))

During handling of the above exception, another exception occurred:

Traceback (most recent call last):
  File "C:\Users\brodi\AppData\Local\Python\pythoncore-3.12-64\Lib\site-packages\wandb\sdk\lib\retry.py", line 157, in __call__
    result = self._call_fn(*args, **kwargs)
             ^^^^^^^^^^^^^^^^^^^^^^^^^^^^^^
  File "C:\Users\brodi\AppData\Local\Python\pythoncore-3.12-64\Lib\site-packages\wandb\sdk\internal\internal_api.py", line 391, in execute
    return self.client.execute(*args, **kwargs)  # type: ignore
           ^^^^^^^^^^^^^^^^^^^^^^^^^^^^^^^^^^^^
  File "C:\Users\brodi\AppData\Local\Python\pythoncore-3.12-64\Lib\site-packages\wandb\vendor\gql-0.2.0\wandb_gql\client.py", line 52, in execute
    result = self._get_result(document, *args, **kwargs)
             ^^^^^^^^^^^^^^^^^^^^^^^^^^^^^^^^^^^^^^^^^^^
  File "C:\Users\brodi\AppData\Local\Python\pythoncore-3.12-64\Lib\site-packages\wandb\vendor\gql-0.2.0\wandb_gql\client.py", line 60, in _get_result
    return self.transport.execute(document, *args, **kwargs)
           ^^^^^^^^^^^^^^^^^^^^^^^^^^^^^^^^^^^^^^^^^^^^^^^^^
  File "C:\Users\brodi\AppData\Local\Python\pythoncore-3.12-64\Lib\site-packages\wandb\sdk\lib\gql_request.py", line 70, in execute
    request = self.session.post(self.url, **post_args)
              ^^^^^^^^^^^^^^^^^^^^^^^^^^^^^^^^^^^^^^^^
  File "C:\Users\brodi\AppData\Local\Python\pythoncore-3.12-64\Lib\site-packages\requests\sessions.py", line 637, in post
    return self.request("POST", url, data=data, json=json, **kwargs)
           ^^^^^^^^^^^^^^^^^^^^^^^^^^^^^^^^^^^^^^^^^^^^^^^^^^^^^^^^^
  File "C:\Users\brodi\AppData\Local\Python\pythoncore-3.12-64\Lib\site-packages\requests\sessions.py", line 589, in request
    resp = self.send(prep, **send_kwargs)
           ^^^^^^^^^^^^^^^^^^^^^^^^^^^^^^
  File "C:\Users\brodi\AppData\Local\Python\pythoncore-3.12-64\Lib\site-packages\requests\sessions.py", line 703, in send
    r = adapter.send(request, **kwargs)
        ^^^^^^^^^^^^^^^^^^^^^^^^^^^^^^^
  File "C:\Users\brodi\AppData\Local\Python\pythoncore-3.12-64\Lib\site-packages\requests\adapters.py", line 677, in send
    raise ConnectionError(e, request=request)
requests.exceptions.ConnectionError: HTTPSConnectionPool(host='api.wandb.ai', port=443): Max retries exceeded with url: /graphql (Caused by NameResolutionError("<urllib3.connection.HTTPSConnection object at 0x00000175DAADB3B0>: Failed to resolve 'api.wandb.ai' ([Errno 11001] getaddrinfo failed)"))
2026-02-10 18:01:08,733 INFO    Thread-7 (wrapped_target):24608 [retry.py:__call__():164] [no run ID] Retry attempt failed:
Traceback (most recent call last):
  File "C:\Users\brodi\AppData\Local\Python\pythoncore-3.12-64\Lib\site-packages\urllib3\connection.py", line 198, in _new_conn
    sock = connection.create_connection(
           ^^^^^^^^^^^^^^^^^^^^^^^^^^^^^
  File "C:\Users\brodi\AppData\Local\Python\pythoncore-3.12-64\Lib\site-packages\urllib3\util\connection.py", line 60, in create_connection
    for res in socket.getaddrinfo(host, port, family, socket.SOCK_STREAM):
               ^^^^^^^^^^^^^^^^^^^^^^^^^^^^^^^^^^^^^^^^^^^^^^^^^^^^^^^^^^
  File "C:\Users\brodi\AppData\Local\Python\pythoncore-3.12-64\Lib\socket.py", line 978, in getaddrinfo
    for res in _socket.getaddrinfo(host, port, family, type, proto, flags):
               ^^^^^^^^^^^^^^^^^^^^^^^^^^^^^^^^^^^^^^^^^^^^^^^^^^^^^^^^^^^
socket.gaierror: [Errno 11001] getaddrinfo failed

The above exception was the direct cause of the following exception:

Traceback (most recent call last):
  File "C:\Users\brodi\AppData\Local\Python\pythoncore-3.12-64\Lib\site-packages\urllib3\connectionpool.py", line 787, in urlopen
    response = self._make_request(
               ^^^^^^^^^^^^^^^^^^^
  File "C:\Users\brodi\AppData\Local\Python\pythoncore-3.12-64\Lib\site-packages\urllib3\connectionpool.py", line 488, in _make_request
    raise new_e
  File "C:\Users\brodi\AppData\Local\Python\pythoncore-3.12-64\Lib\site-packages\urllib3\connectionpool.py", line 464, in _make_request
    self._validate_conn(conn)
  File "C:\Users\brodi\AppData\Local\Python\pythoncore-3.12-64\Lib\site-packages\urllib3\connectionpool.py", line 1093, in _validate_conn
    conn.connect()
  File "C:\Users\brodi\AppData\Local\Python\pythoncore-3.12-64\Lib\site-packages\urllib3\connection.py", line 753, in connect
    self.sock = sock = self._new_conn()
                       ^^^^^^^^^^^^^^^^
  File "C:\Users\brodi\AppData\Local\Python\pythoncore-3.12-64\Lib\site-packages\urllib3\connection.py", line 205, in _new_conn
    raise NameResolutionError(self.host, self, e) from e
urllib3.exceptions.NameResolutionError: <urllib3.connection.HTTPSConnection object at 0x00000175DAADBAA0>: Failed to resolve 'api.wandb.ai' ([Errno 11001] getaddrinfo failed)

The above exception was the direct cause of the following exception:

Traceback (most recent call last):
  File "C:\Users\brodi\AppData\Local\Python\pythoncore-3.12-64\Lib\site-packages\requests\adapters.py", line 644, in send
    resp = conn.urlopen(
           ^^^^^^^^^^^^^
  File "C:\Users\brodi\AppData\Local\Python\pythoncore-3.12-64\Lib\site-packages\urllib3\connectionpool.py", line 841, in urlopen
    retries = retries.increment(
              ^^^^^^^^^^^^^^^^^^
  File "C:\Users\brodi\AppData\Local\Python\pythoncore-3.12-64\Lib\site-packages\urllib3\util\retry.py", line 519, in increment
    raise MaxRetryError(_pool, url, reason) from reason  # type: ignore[arg-type]
    ^^^^^^^^^^^^^^^^^^^^^^^^^^^^^^^^^^^^^^^^^^^^^^^^^^^
urllib3.exceptions.MaxRetryError: HTTPSConnectionPool(host='api.wandb.ai', port=443): Max retries exceeded with url: /graphql (Caused by NameResolutionError("<urllib3.connection.HTTPSConnection object at 0x00000175DAADBAA0>: Failed to resolve 'api.wandb.ai' ([Errno 11001] getaddrinfo failed)"))

During handling of the above exception, another exception occurred:

Traceback (most recent call last):
  File "C:\Users\brodi\AppData\Local\Python\pythoncore-3.12-64\Lib\site-packages\wandb\sdk\lib\retry.py", line 157, in __call__
    result = self._call_fn(*args, **kwargs)
             ^^^^^^^^^^^^^^^^^^^^^^^^^^^^^^
  File "C:\Users\brodi\AppData\Local\Python\pythoncore-3.12-64\Lib\site-packages\wandb\sdk\internal\internal_api.py", line 391, in execute
    return self.client.execute(*args, **kwargs)  # type: ignore
           ^^^^^^^^^^^^^^^^^^^^^^^^^^^^^^^^^^^^
  File "C:\Users\brodi\AppData\Local\Python\pythoncore-3.12-64\Lib\site-packages\wandb\vendor\gql-0.2.0\wandb_gql\client.py", line 52, in execute
    result = self._get_result(document, *args, **kwargs)
             ^^^^^^^^^^^^^^^^^^^^^^^^^^^^^^^^^^^^^^^^^^^
  File "C:\Users\brodi\AppData\Local\Python\pythoncore-3.12-64\Lib\site-packages\wandb\vendor\gql-0.2.0\wandb_gql\client.py", line 60, in _get_result
    return self.transport.execute(document, *args, **kwargs)
           ^^^^^^^^^^^^^^^^^^^^^^^^^^^^^^^^^^^^^^^^^^^^^^^^^
  File "C:\Users\brodi\AppData\Local\Python\pythoncore-3.12-64\Lib\site-packages\wandb\sdk\lib\gql_request.py", line 70, in execute
    request = self.session.post(self.url, **post_args)
              ^^^^^^^^^^^^^^^^^^^^^^^^^^^^^^^^^^^^^^^^
  File "C:\Users\brodi\AppData\Local\Python\pythoncore-3.12-64\Lib\site-packages\requests\sessions.py", line 637, in post
    return self.request("POST", url, data=data, json=json, **kwargs)
           ^^^^^^^^^^^^^^^^^^^^^^^^^^^^^^^^^^^^^^^^^^^^^^^^^^^^^^^^^
  File "C:\Users\brodi\AppData\Local\Python\pythoncore-3.12-64\Lib\site-packages\requests\sessions.py", line 589, in request
    resp = self.send(prep, **send_kwargs)
           ^^^^^^^^^^^^^^^^^^^^^^^^^^^^^^
  File "C:\Users\brodi\AppData\Local\Python\pythoncore-3.12-64\Lib\site-packages\requests\sessions.py", line 703, in send
    r = adapter.send(request, **kwargs)
        ^^^^^^^^^^^^^^^^^^^^^^^^^^^^^^^
  File "C:\Users\brodi\AppData\Local\Python\pythoncore-3.12-64\Lib\site-packages\requests\adapters.py", line 677, in send
    raise ConnectionError(e, request=request)
requests.exceptions.ConnectionError: HTTPSConnectionPool(host='api.wandb.ai', port=443): Max retries exceeded with url: /graphql (Caused by NameResolutionError("<urllib3.connection.HTTPSConnection object at 0x00000175DAADBAA0>: Failed to resolve 'api.wandb.ai' ([Errno 11001] getaddrinfo failed)"))
2026-02-10 18:02:29,999 WARNING MainThread:24608 [wandb_init.py:init():1595] [no run ID] interrupted
Traceback (most recent call last):
  File "C:\Users\brodi\AppData\Local\Python\pythoncore-3.12-64\Lib\site-packages\wandb\sdk\wandb_init.py", line 1586, in init
    run = wi.init(run_settings, run_config, run_printer)
          ^^^^^^^^^^^^^^^^^^^^^^^^^^^^^^^^^^^^^^^^^^^^^^
  File "C:\Users\brodi\AppData\Local\Python\pythoncore-3.12-64\Lib\site-packages\wandb\sdk\wandb_init.py", line 1004, in init
    result = wait_with_progress(
             ^^^^^^^^^^^^^^^^^^^
  File "C:\Users\brodi\AppData\Local\Python\pythoncore-3.12-64\Lib\site-packages\wandb\sdk\mailbox\wait_with_progress.py", line 23, in wait_with_progress
    return wait_all_with_progress(
           ^^^^^^^^^^^^^^^^^^^^^^^
  File "C:\Users\brodi\AppData\Local\Python\pythoncore-3.12-64\Lib\site-packages\wandb\sdk\mailbox\wait_with_progress.py", line 77, in wait_all_with_progress
    return asyncer.run(progress_loop_with_timeout)
           ^^^^^^^^^^^^^^^^^^^^^^^^^^^^^^^^^^^^^^^
  File "C:\Users\brodi\AppData\Local\Python\pythoncore-3.12-64\Lib\site-packages\wandb\sdk\lib\asyncio_manager.py", line 136, in run
    return future.result()
           ^^^^^^^^^^^^^^^
  File "C:\Users\brodi\AppData\Local\Python\pythoncore-3.12-64\Lib\concurrent\futures\_base.py", line 451, in result
    self._condition.wait(timeout)
  File "C:\Users\brodi\AppData\Local\Python\pythoncore-3.12-64\Lib\threading.py", line 355, in wait
    waiter.acquire()
KeyboardInterrupt
2026-02-10 18:02:30,042 INFO    wandb-AsyncioManager-main:24608 [service_client.py:_forward_responses():80] Reached EOF.
2026-02-10 18:02:30,042 INFO    wandb-AsyncioManager-main:24608 [mailbox.py:close():137] Closing mailbox, abandoning 2 handles.
